#
# A fatal error has been detected by the Java Runtime Environment:
#
#  EXCEPTION_ACCESS_VIOLATION (0xc0000005) at pc=0x000000007759903f, pid=13504, tid=0x0000000000002af8
#
# JRE version: OpenJDK Runtime Environment (8.0_112-b06) (build 1.8.0_112-release-b06)
# Java VM: OpenJDK 64-Bit Server VM (25.112-b06 mixed mode windows-amd64 compressed oops)
# Problematic frame:
# C  [ntdll.dll+0x4903f]
#
# Failed to write core dump. Minidumps are not enabled by default on client versions of Windows
#
# If you would like to submit a bug report, please visit:
#   http://bugreport.java.com/bugreport/crash.jsp
# The crash happened outside the Java Virtual Machine in native code.
# See problematic frame for where to report the bug.
#

---------------  T H R E A D  ---------------

Current thread (0x00000000609bb800):  JavaThread "Daemon worker Thread 5" [_thread_in_native, id=11000, stack(0x000000005d110000,0x000000005d210000)]

siginfo: ExceptionCode=0xc0000005, writing address 0x000000000000005c

Registers:
RAX=0x000000000000005c, RBX=0x000000005b88d640, RCX=0x000000005b88d71a, RDX=0x000000000000011a
RSP=0x000000005d20b6e0, RBP=0x000000000000fffe, RSI=0x0000000000000000, RDI=0x000000005b88d640
R8 =0x000000000000008d, R9 =0x000000000000011a, R10=0x0000000000000000, R11=0x000000000000ffff
R12=0x000000000000011a, R13=0x0000000000000012, R14=0x000000005d20b8e0, R15=0x000000000000008d
RIP=0x000000007759903f, EFLAGS=0x0000000000010246

Top of Stack: (sp=0x000000005d20b6e0)
0x000000005d20b6e0:   0000000000000130 00000000002c0000
0x000000005d20b6f0:   000000000000011c 000000000000011c
0x000000005d20b700:   00000000011c011a 000000005b88d640
0x000000005d20b710:   000000005d20b8a0 00000000775a0318
0x000000005d20b720:   0000000000000000 000000005d20b9f0
0x000000005d20b730:   000000005b88d640 000000005d20ba40
0x000000005d20b740:   000000006408dd00 00000002609bb801
0x000000005d20b750:   000000ae609bb800 0000000002430080
0x000000005d20b760:   0000000000000003 000000000000011a
0x000000005d20b770:   0000000002431220 0000000000000000
0x000000005d20b780:   0000000064080000 0000000000000000
0x000000005d20b790:   0000000000000000 000000005d20ba40
0x000000005d20b7a0:   000000005d20b928 000000005b88d640
0x000000005d20b7b0:   0000000000000130 00000000002c0000
0x000000005d20b7c0:   0000000000000126 0000000000000126
0x000000005d20b7d0:   0000000000000000 00000000011c011a 

Instructions: (pc=0x000000007759903f)
0x000000007759901f:   e2 fc 8b c2 48 01 41 18 8b 41 10 4c 89 44 c1 20
0x000000007759902f:   ff 41 10 8b c2 c3 44 8a 74 24 40 e9 50 57 00 00
0x000000007759903f:   41 0f b7 c1 48 83 c1 02 48 d1 e8 48 8d 04 43 48
0x000000007759904f:   3b c8 73 39 0f b7 01 66 83 c8 20 66 83 f8 70 0f 


Register to memory mapping:

RAX=0x000000000000005c is an unknown value
RBX=0x000000005b88d640 is an unknown value
RCX=0x000000005b88d71a is an unknown value
RDX=0x000000000000011a is an unknown value
RSP=0x000000005d20b6e0 is pointing into the stack for thread: 0x00000000609bb800
RBP=0x000000000000fffe is an unknown value
RSI=0x0000000000000000 is an unknown value
RDI=0x000000005b88d640 is an unknown value
R8 =0x000000000000008d is an unknown value
R9 =0x000000000000011a is an unknown value
R10=0x0000000000000000 is an unknown value
R11=0x000000000000ffff is an unknown value
R12=0x000000000000011a is an unknown value
R13=0x0000000000000012 is an unknown value
R14=0x000000005d20b8e0 is pointing into the stack for thread: 0x00000000609bb800
R15=0x000000000000008d is an unknown value


Stack: [0x000000005d110000,0x000000005d210000],  sp=0x000000005d20b6e0,  free space=1005k
Native frames: (J=compiled Java code, j=interpreted, Vv=VM code, C=native code)
C  [ntdll.dll+0x4903f]
C  [ntdll.dll+0x50318]
C  [ntdll.dll+0x50d8a]
C  [KERNELBASE.dll+0x7056]
C  [java.dll+0x9ffc]
C  [java.dll+0xa127]
C  0x0000000002d0d451

Java frames: (J=compiled Java code, j=interpreted, Vv=VM code)
J 107  java.io.WinNTFileSystem.getBooleanAttributes(Ljava/io/File;)I (0 bytes) @ 0x0000000002d0d3cf [0x0000000002d0d380+0x4f]
J 14593 C2 com.android.builder.files.RelativeFile.<init>(Ljava/io/File;Ljava/io/File;)V (47 bytes) @ 0x00000000053c3df0 [0x00000000053c3060+0xd90]
j  com.android.builder.files.IncrementalRelativeFileSets.fromZip(Ljava/io/File;Lcom/android/builder/files/FileCacheByPath;Ljava/util/Set;)Lcom/google/common/collect/ImmutableMap;+392
j  com.android.builder.files.IncrementalRelativeFileSets.makeFromBaseFiles(Ljava/util/Collection;Ljava/util/Map;Lcom/android/builder/files/FileCacheByPath;Ljava/util/Set;)Lcom/google/common/collect/ImmutableMap;+124
j  com.android.build.gradle.tasks.PackageAndroidArtifact.getChangedInputs(Ljava/util/Map;Lcom/android/build/gradle/tasks/PackageAndroidArtifact$KnownFilesSaveData;Lcom/android/build/gradle/tasks/PackageAndroidArtifact$InputSet;Ljava/util/Collection;Lcom/android/builder/files/FileCacheByPath;Ljava/util/Set;)Lcom/google/common/collect/ImmutableMap;+49
j  com.android.build.gradle.tasks.PackageAndroidArtifact.doIncrementalTaskAction(Ljava/util/Map;)V+133
j  com.android.build.gradle.tasks.PackageApplication.doIncrementalTaskAction(Ljava/util/Map;)V+2
j  com.android.build.gradle.internal.tasks.IncrementalTask.taskAction(Lorg/gradle/api/tasks/incremental/IncrementalTaskInputs;)V+78
v  ~StubRoutines::call_stub
J 2236  sun.reflect.NativeMethodAccessorImpl.invoke0(Ljava/lang/reflect/Method;Ljava/lang/Object;[Ljava/lang/Object;)Ljava/lang/Object; (0 bytes) @ 0x0000000002d5a53f [0x0000000002d5a4c0+0x7f]
J 17928 C2 sun.reflect.NativeMethodAccessorImpl.invoke(Ljava/lang/Object;[Ljava/lang/Object;)Ljava/lang/Object; (104 bytes) @ 0x0000000002cf2044 [0x0000000002cf1fe0+0x64]
J 17007 C2 org.gradle.internal.reflect.JavaMethod.invoke(Ljava/lang/Object;[Ljava/lang/Object;)Ljava/lang/Object; (74 bytes) @ 0x0000000005be6000 [0x0000000005be5f80+0x80]
j  org.gradle.api.internal.project.taskfactory.DefaultTaskClassInfoStore$IncrementalTaskAction.doExecute(Lorg/gradle/api/Task;Ljava/lang/String;)V+35
j  org.gradle.api.internal.project.taskfactory.DefaultTaskClassInfoStore$StandardTaskAction.execute(Lorg/gradle/api/Task;)V+32
J 17746 C1 org.gradle.api.internal.project.taskfactory.DefaultTaskClassInfoStore$StandardTaskAction.execute(Ljava/lang/Object;)V (9 bytes) @ 0x000000000580f5e4 [0x000000000580f400+0x1e4]
J 15119 C1 org.gradle.api.internal.tasks.execution.ExecuteActionsTaskExecuter.executeAction(Lorg/gradle/api/internal/TaskInternal;Lorg/gradle/api/internal/tasks/ContextAwareTaskAction;Lorg/gradle/api/internal/tasks/TaskExecutionContext;)V (37 bytes) @ 0x0000000002f77c54 [0x0000000002f77aa0+0x1b4]
J 17742 C1 org.gradle.api.internal.tasks.execution.ExecuteActionsTaskExecuter.executeActions(Lorg/gradle/api/internal/TaskInternal;Lorg/gradle/api/internal/tasks/TaskStateInternal;Lorg/gradle/api/internal/tasks/TaskExecutionContext;)Lorg/gradle/api/GradleException; (212 bytes) @ 0x0000000005d8a164 [0x0000000005d89120+0x1044]
J 15723 C1 org.gradle.api.internal.tasks.execution.ExecuteActionsTaskExecuter.execute(Lorg/gradle/api/internal/TaskInternal;Lorg/gradle/api/internal/tasks/TaskStateInternal;Lorg/gradle/api/internal/tasks/TaskExecutionContext;)V (120 bytes) @ 0x0000000005589d6c [0x0000000005589660+0x70c]
J 15180 C1 org.gradle.api.internal.tasks.execution.SkipUpToDateTaskExecuter.execute(Lorg/gradle/api/internal/TaskInternal;Lorg/gradle/api/internal/tasks/TaskStateInternal;Lorg/gradle/api/internal/tasks/TaskExecutionContext;)V (213 bytes) @ 0x00000000052b2e14 [0x00000000052b0b60+0x22b4]
J 15178 C1 org.gradle.api.internal.tasks.execution.ValidatingTaskExecuter.execute(Lorg/gradle/api/internal/TaskInternal;Lorg/gradle/api/internal/tasks/TaskStateInternal;Lorg/gradle/api/internal/tasks/TaskExecutionContext;)V (221 bytes) @ 0x00000000047262bc [0x0000000004723820+0x2a9c]
J 15816 C1 org.gradle.api.internal.tasks.execution.SkipEmptySourceFilesTaskExecuter.execute(Lorg/gradle/api/internal/TaskInternal;Lorg/gradle/api/internal/tasks/TaskStateInternal;Lorg/gradle/api/internal/tasks/TaskExecutionContext;)V (341 bytes) @ 0x00000000055edff4 [0x00000000055e9b20+0x44d4]
J 15164 C1 org.gradle.api.internal.tasks.execution.ResolveTaskArtifactStateTaskExecuter.execute(Lorg/gradle/api/internal/TaskInternal;Lorg/gradle/api/internal/tasks/TaskStateInternal;Lorg/gradle/api/internal/tasks/TaskExecutionContext;)V (94 bytes) @ 0x000000000536180c [0x00000000053607a0+0x106c]
J 18084 C1 org.gradle.api.internal.tasks.execution.SkipTaskWithNoActionsExecuter.execute(Lorg/gradle/api/internal/TaskInternal;Lorg/gradle/api/internal/tasks/TaskStateInternal;Lorg/gradle/api/internal/tasks/TaskExecutionContext;)V (125 bytes) @ 0x0000000004627664 [0x0000000004626140+0x1524]
J 18081 C1 org.gradle.api.internal.tasks.execution.SkipOnlyIfTaskExecuter.execute(Lorg/gradle/api/internal/TaskInternal;Lorg/gradle/api/internal/tasks/TaskStateInternal;Lorg/gradle/api/internal/tasks/TaskExecutionContext;)V (91 bytes) @ 0x00000000045d7c0c [0x00000000045d68a0+0x136c]
J 18080 C1 org.gradle.api.internal.tasks.execution.ExecuteAtMostOnceTaskExecuter.execute(Lorg/gradle/api/internal/TaskInternal;Lorg/gradle/api/internal/tasks/TaskStateInternal;Lorg/gradle/api/internal/tasks/TaskExecutionContext;)V (62 bytes) @ 0x0000000004665e2c [0x0000000004665600+0x82c]
J 18079 C1 org.gradle.api.internal.tasks.execution.CatchExceptionTaskExecuter.execute(Lorg/gradle/api/internal/TaskInternal;Lorg/gradle/api/internal/tasks/TaskStateInternal;Lorg/gradle/api/internal/tasks/TaskExecutionContext;)V (24 bytes) @ 0x00000000032de00c [0x00000000032ddf00+0x10c]
J 15147 C1 org.gradle.execution.taskgraph.DefaultTaskGraphExecuter$EventFiringTaskWorker$1.execute(Lorg/gradle/internal/operations/BuildOperationContext;)V (181 bytes) @ 0x00000000052cfc74 [0x00000000052cf260+0xa14]
J 15146 C1 org.gradle.execution.taskgraph.DefaultTaskGraphExecuter$EventFiringTaskWorker$1.execute(Ljava/lang/Object;)V (9 bytes) @ 0x00000000039e0c04 [0x00000000039e0a80+0x184]
J 14458 C1 org.gradle.internal.Transformers$4.transform(Ljava/lang/Object;)Ljava/lang/Object; (12 bytes) @ 0x00000000053b0c04 [0x00000000053b0b00+0x104]
J 15720 C1 org.gradle.internal.progress.DefaultBuildOperationExecutor.run(Lorg/gradle/internal/progress/BuildOperationDetails;Lorg/gradle/api/Transformer;)Ljava/lang/Object; (477 bytes) @ 0x000000000558266c [0x0000000005580400+0x226c]
J 17725 C1 org.gradle.execution.taskgraph.DefaultTaskGraphExecuter$EventFiringTaskWorker.execute(Lorg/gradle/api/internal/TaskInternal;)V (86 bytes) @ 0x0000000005d70e7c [0x0000000005d6fda0+0x10dc]
J 17724 C1 org.gradle.execution.taskgraph.DefaultTaskGraphExecuter$EventFiringTaskWorker.execute(Ljava/lang/Object;)V (9 bytes) @ 0x00000000033c6a44 [0x00000000033c68c0+0x184]
J 17723 C1 org.gradle.execution.taskgraph.AbstractTaskPlanExecutor$TaskExecutorWorker.processTask(Lorg/gradle/execution/taskgraph/TaskInfo;)V (59 bytes) @ 0x0000000002cedb5c [0x0000000002ceda20+0x13c]
j  org.gradle.execution.taskgraph.AbstractTaskPlanExecutor$TaskExecutorWorker.run()V+74
j  org.gradle.execution.taskgraph.DefaultTaskPlanExecutor.process(Lorg/gradle/execution/taskgraph/TaskExecutionPlan;Lorg/gradle/api/Action;)V+10
j  org.gradle.execution.taskgraph.DefaultTaskGraphExecuter.execute()V+61
j  org.gradle.execution.SelectedTaskExecutionAction.execute(Lorg/gradle/execution/BuildExecutionContext;)V+55
j  org.gradle.execution.DefaultBuildExecuter.execute(Lorg/gradle/api/internal/GradleInternal;I)V+37
j  org.gradle.execution.DefaultBuildExecuter.access$000(Lorg/gradle/execution/DefaultBuildExecuter;Lorg/gradle/api/internal/GradleInternal;I)V+3
j  org.gradle.execution.DefaultBuildExecuter$1.proceed()V+14
j  org.gradle.execution.DryRunBuildExecutionAction.execute(Lorg/gradle/execution/BuildExecutionContext;)V+68
j  org.gradle.execution.DefaultBuildExecuter.execute(Lorg/gradle/api/internal/GradleInternal;I)V+37
j  org.gradle.execution.DefaultBuildExecuter.execute(Lorg/gradle/api/internal/GradleInternal;)V+3
j  org.gradle.initialization.DefaultGradleLauncher$3.execute(Lorg/gradle/internal/operations/BuildOperationContext;)V+14
j  org.gradle.initialization.DefaultGradleLauncher$3.execute(Ljava/lang/Object;)V+5
J 14458 C1 org.gradle.internal.Transformers$4.transform(Ljava/lang/Object;)Ljava/lang/Object; (12 bytes) @ 0x00000000053b0c04 [0x00000000053b0b00+0x104]
J 15720 C1 org.gradle.internal.progress.DefaultBuildOperationExecutor.run(Lorg/gradle/internal/progress/BuildOperationDetails;Lorg/gradle/api/Transformer;)Ljava/lang/Object; (477 bytes) @ 0x000000000558266c [0x0000000005580400+0x226c]
j  org.gradle.internal.progress.DefaultBuildOperationExecutor.run(Ljava/lang/String;Lorg/gradle/api/Action;)V+12
j  org.gradle.initialization.DefaultGradleLauncher.doBuildStages(Lorg/gradle/initialization/DefaultGradleLauncher$Stage;)V+154
j  org.gradle.initialization.DefaultGradleLauncher.doBuild(Lorg/gradle/initialization/DefaultGradleLauncher$Stage;)Lorg/gradle/BuildResult;+17
j  org.gradle.initialization.DefaultGradleLauncher.run()Lorg/gradle/BuildResult;+4
j  org.gradle.launcher.exec.GradleBuildController.run()Lorg/gradle/api/internal/GradleInternal;+4
j  org.gradle.tooling.internal.provider.runner.BuildModelActionRunner.run(Lorg/gradle/internal/invocation/BuildAction;Lorg/gradle/internal/invocation/BuildController;)V+48
j  org.gradle.launcher.exec.ChainingBuildActionRunner.run(Lorg/gradle/internal/invocation/BuildAction;Lorg/gradle/internal/invocation/BuildController;)V+34
j  org.gradle.tooling.internal.provider.runner.RunAsBuildOperationBuildActionRunner$1.execute(Lorg/gradle/internal/operations/BuildOperationContext;)V+15
j  org.gradle.tooling.internal.provider.runner.RunAsBuildOperationBuildActionRunner$1.execute(Ljava/lang/Object;)V+5
J 14458 C1 org.gradle.internal.Transformers$4.transform(Ljava/lang/Object;)Ljava/lang/Object; (12 bytes) @ 0x00000000053b0c04 [0x00000000053b0b00+0x104]
J 15720 C1 org.gradle.internal.progress.DefaultBuildOperationExecutor.run(Lorg/gradle/internal/progress/BuildOperationDetails;Lorg/gradle/api/Transformer;)Ljava/lang/Object; (477 bytes) @ 0x000000000558266c [0x0000000005580400+0x226c]
j  org.gradle.internal.progress.DefaultBuildOperationExecutor.run(Ljava/lang/String;Lorg/gradle/api/Action;)V+12
j  org.gradle.tooling.internal.provider.runner.RunAsBuildOperationBuildActionRunner.run(Lorg/gradle/internal/invocation/BuildAction;Lorg/gradle/internal/invocation/BuildController;)V+16
j  org.gradle.tooling.internal.provider.runner.SubscribableBuildActionRunner.run(Lorg/gradle/internal/invocation/BuildAction;Lorg/gradle/internal/invocation/BuildController;)V+38
j  org.gradle.launcher.exec.ChainingBuildActionRunner.run(Lorg/gradle/internal/invocation/BuildAction;Lorg/gradle/internal/invocation/BuildController;)V+34
j  org.gradle.launcher.exec.InProcessBuildActionExecuter.execute(Lorg/gradle/internal/invocation/BuildAction;Lorg/gradle/initialization/BuildRequestContext;Lorg/gradle/launcher/exec/BuildActionParameters;Lorg/gradle/internal/service/ServiceRegistry;)Ljava/lang/Object;+64
j  org.gradle.launcher.exec.InProcessBuildActionExecuter.execute(Lorg/gradle/internal/invocation/BuildAction;Lorg/gradle/initialization/BuildRequestContext;Ljava/lang/Object;Lorg/gradle/internal/service/ServiceRegistry;)Ljava/lang/Object;+9
j  org.gradle.tooling.internal.provider.ContinuousBuildActionExecuter.execute(Lorg/gradle/internal/invocation/BuildAction;Lorg/gradle/initialization/BuildRequestContext;Lorg/gradle/launcher/exec/BuildActionParameters;Lorg/gradle/internal/service/ServiceRegistry;)Ljava/lang/Object;+28
j  org.gradle.tooling.internal.provider.ContinuousBuildActionExecuter.execute(Lorg/gradle/internal/invocation/BuildAction;Lorg/gradle/initialization/BuildRequestContext;Ljava/lang/Object;Lorg/gradle/internal/service/ServiceRegistry;)Ljava/lang/Object;+9
j  org.gradle.tooling.internal.provider.ServicesSetupBuildActionExecuter.execute(Lorg/gradle/internal/invocation/BuildAction;Lorg/gradle/initialization/BuildRequestContext;Lorg/gradle/launcher/exec/BuildActionParameters;Lorg/gradle/internal/service/ServiceRegistry;)Ljava/lang/Object;+52
j  org.gradle.tooling.internal.provider.ServicesSetupBuildActionExecuter.execute(Lorg/gradle/internal/invocation/BuildAction;Lorg/gradle/initialization/BuildRequestContext;Ljava/lang/Object;Lorg/gradle/internal/service/ServiceRegistry;)Ljava/lang/Object;+9
j  org.gradle.launcher.daemon.server.exec.ExecuteBuild.doBuild(Lorg/gradle/launcher/daemon/server/api/DaemonCommandExecution;Lorg/gradle/launcher/daemon/protocol/Build;)V+114
j  org.gradle.launcher.daemon.server.exec.BuildCommandOnly.execute(Lorg/gradle/launcher/daemon/server/api/DaemonCommandExecution;)V+49
j  org.gradle.launcher.daemon.server.api.DaemonCommandExecution.proceed()Z+28
j  org.gradle.launcher.daemon.server.exec.WatchForDisconnection.execute(Lorg/gradle/launcher/daemon/server/api/DaemonCommandExecution;)V+19
j  org.gradle.launcher.daemon.server.api.DaemonCommandExecution.proceed()Z+28
j  org.gradle.launcher.daemon.server.exec.ResetDeprecationLogger.execute(Lorg/gradle/launcher/daemon/server/api/DaemonCommandExecution;)V+4
j  org.gradle.launcher.daemon.server.api.DaemonCommandExecution.proceed()Z+28
j  org.gradle.launcher.daemon.server.exec.RequestStopIfSingleUsedDaemon.execute(Lorg/gradle/launcher/daemon/server/api/DaemonCommandExecution;)V+33
j  org.gradle.launcher.daemon.server.api.DaemonCommandExecution.proceed()Z+28
j  org.gradle.launcher.daemon.server.exec.ForwardClientInput$2.call()Ljava/lang/Void;+4
j  org.gradle.launcher.daemon.server.exec.ForwardClientInput$2.call()Ljava/lang/Object;+1
j  org.gradle.util.Swapper.swap(Ljava/lang/Object;Ljava/util/concurrent/Callable;)Ljava/lang/Object;+21
j  org.gradle.launcher.daemon.server.exec.ForwardClientInput.execute(Lorg/gradle/launcher/daemon/server/api/DaemonCommandExecution;)V+63
j  org.gradle.launcher.daemon.server.api.DaemonCommandExecution.proceed()Z+28
j  org.gradle.launcher.daemon.server.exec.LogAndCheckHealth.execute(Lorg/gradle/launcher/daemon/server/api/DaemonCommandExecution;)V+28
j  org.gradle.launcher.daemon.server.api.DaemonCommandExecution.proceed()Z+28
j  org.gradle.launcher.daemon.server.exec.LogToClient.doBuild(Lorg/gradle/launcher/daemon/server/api/DaemonCommandExecution;Lorg/gradle/launcher/daemon/protocol/Build;)V+87
j  org.gradle.launcher.daemon.server.exec.BuildCommandOnly.execute(Lorg/gradle/launcher/daemon/server/api/DaemonCommandExecution;)V+49
j  org.gradle.launcher.daemon.server.api.DaemonCommandExecution.proceed()Z+28
j  org.gradle.launcher.daemon.server.exec.EstablishBuildEnvironment.doBuild(Lorg/gradle/launcher/daemon/server/api/DaemonCommandExecution;Lorg/gradle/launcher/daemon/protocol/Build;)V+279
j  org.gradle.launcher.daemon.server.exec.BuildCommandOnly.execute(Lorg/gradle/launcher/daemon/server/api/DaemonCommandExecution;)V+49
j  org.gradle.launcher.daemon.server.api.DaemonCommandExecution.proceed()Z+28
j  org.gradle.launcher.daemon.server.exec.StartBuildOrRespondWithBusy$1.run()V+44
j  org.gradle.launcher.daemon.server.DaemonStateCoordinator$1.run()V+4
J 13979 C2 org.gradle.internal.concurrent.ExecutorPolicy$CatchAndRecordFailures.onExecute(Ljava/lang/Runnable;)V (29 bytes) @ 0x000000000525c538 [0x000000000525c360+0x1d8]
j  org.gradle.internal.concurrent.StoppableExecutorImpl$1.run()V+25
j  java.util.concurrent.ThreadPoolExecutor.runWorker(Ljava/util/concurrent/ThreadPoolExecutor$Worker;)V+95
j  java.util.concurrent.ThreadPoolExecutor$Worker.run()V+5
j  java.lang.Thread.run()V+11
v  ~StubRoutines::call_stub

---------------  P R O C E S S  ---------------

Java Threads: ( => current thread )
  0x00000000609bd800 JavaThread "Cache update executor" [_thread_blocked, id=8404, stack(0x000000005af80000,0x000000005b080000)]
  0x00000000609bf000 JavaThread "Stdin handler" [_thread_blocked, id=13240, stack(0x0000000063a10000,0x0000000063b10000)]
  0x00000000609b4000 JavaThread "Asynchronous log dispatcher for DefaultDaemonConnection: socket connection from /127.0.0.1:49313 to /127.0.0.1:63539" [_thread_blocked, id=8696, stack(0x00000000638a0000,0x00000000639a0000)]
=>0x00000000609bb800 JavaThread "Daemon worker Thread 5" [_thread_in_native, id=11000, stack(0x000000005d110000,0x000000005d210000)]
  0x00000000609b2800 JavaThread "Cancel handler" [_thread_blocked, id=14308, stack(0x000000005aa90000,0x000000005ab90000)]
  0x00000000609b5800 JavaThread "Handler for socket connection from /127.0.0.1:49313 to /127.0.0.1:63539" [_thread_in_native, id=4092, stack(0x000000005ae60000,0x000000005af60000)]
  0x00000000609b4800 JavaThread "Daemon Thread 5" [_thread_blocked, id=8492, stack(0x000000005a990000,0x000000005aa90000)]
  0x00000000609bd000 JavaThread "pool-4-thread-4" [_thread_blocked, id=12404, stack(0x0000000064170000,0x0000000064270000)]
  0x00000000609b7800 JavaThread "pool-4-thread-3" [_thread_blocked, id=7340, stack(0x0000000063b70000,0x0000000063c70000)]
  0x00000000609b7000 JavaThread "pool-4-thread-2" [_thread_blocked, id=13956, stack(0x0000000063e70000,0x0000000063f70000)]
  0x00000000609b6000 JavaThread "pool-4-thread-1" [_thread_blocked, id=13616, stack(0x0000000063c70000,0x0000000063d70000)]
  0x00000000609b0000 JavaThread "File lock request listener" [_thread_in_native, id=8972, stack(0x000000005cd70000,0x000000005ce70000)]
  0x0000000058bdf000 JavaThread "pool-1-thread-1" [_thread_blocked, id=6564, stack(0x000000005a810000,0x000000005a910000)]
  0x0000000059382800 JavaThread "Incoming local TCP Connector on port 49313" [_thread_in_native, id=11688, stack(0x000000005a490000,0x000000005a590000)]
  0x0000000057adc000 JavaThread "Service Thread" daemon [_thread_blocked, id=13560, stack(0x00000000586e0000,0x00000000587e0000)]
  0x0000000057a6b000 JavaThread "C1 CompilerThread2" daemon [_thread_blocked, id=8200, stack(0x00000000584a0000,0x00000000585a0000)]
  0x0000000057a69800 JavaThread "C2 CompilerThread1" daemon [_thread_blocked, id=8968, stack(0x0000000058390000,0x0000000058490000)]
  0x0000000057a62800 JavaThread "C2 CompilerThread0" daemon [_thread_blocked, id=9196, stack(0x0000000058140000,0x0000000058240000)]
  0x00000000568b5000 JavaThread "Attach Listener" daemon [_thread_blocked, id=13268, stack(0x0000000057f50000,0x0000000058050000)]
  0x00000000568b3800 JavaThread "Signal Dispatcher" daemon [_thread_blocked, id=11840, stack(0x0000000057720000,0x0000000057820000)]
  0x0000000056897800 JavaThread "Finalizer" daemon [_thread_blocked, id=7064, stack(0x0000000057960000,0x0000000057a60000)]
  0x0000000056850800 JavaThread "Reference Handler" daemon [_thread_blocked, id=9128, stack(0x0000000057840000,0x0000000057940000)]
  0x00000000002cf000 JavaThread "main" [_thread_blocked, id=12980, stack(0x0000000002800000,0x0000000002900000)]

Other Threads:
  0x0000000056848800 VMThread [stack: 0x00000000575c0000,0x00000000576c0000] [id=13968]
  0x0000000057ade000 WatcherThread [stack: 0x0000000058820000,0x0000000058920000] [id=10628]

VM state:not at safepoint (normal execution)

VM Mutex/Monitor currently owned by a thread: None

Heap:
 PSYoungGen      total 233472K, used 81412K [0x00000000e0000000, 0x00000000f2300000, 0x0000000100000000)
  eden space 200704K, 24% used [0x00000000e0000000,0x00000000e2fcd718,0x00000000ec400000)
  from space 32768K, 99% used [0x00000000ec880000,0x00000000ee833a78,0x00000000ee880000)
  to   space 48640K, 0% used [0x00000000ef380000,0x00000000ef380000,0x00000000f2300000)
 ParOldGen       total 277504K, used 67460K [0x00000000a0000000, 0x00000000b0f00000, 0x00000000e0000000)
  object space 277504K, 24% used [0x00000000a0000000,0x00000000a41e13c8,0x00000000b0f00000)
 Metaspace       used 70391K, capacity 73358K, committed 73472K, reserved 1114112K
  class space    used 8705K, capacity 9175K, committed 9216K, reserved 1048576K

Card table byte_map: [0x0000000011f90000,0x00000000122a0000] byte_map_base: 0x0000000011a90000

Marking Bits: (ParMarkBitMap*) 0x000000005d9d18f0
 Begin Bits: [0x0000000012bc0000, 0x00000000143c0000)
 End Bits:   [0x00000000143c0000, 0x0000000015bc0000)

Polling page: 0x0000000000250000

CodeCache: size=245760Kb used=51657Kb max_used=51725Kb free=194102Kb
 bounds [0x0000000002bd0000, 0x0000000005ea0000, 0x0000000011bd0000]
 total_blobs=15332 nmethods=14544 adapters=700
 compilation: enabled

Compilation events (10 events):
Event: 1288.439 Thread 0x0000000057a6b000 nmethod 18376 0x0000000003e7e950 code [0x0000000003e7eac0, 0x0000000003e7ed10]
Event: 1288.440 Thread 0x0000000057a69800 18385       4       sun.util.calendar.BaseCalendar::getGregorianYearFromFixedDate (201 bytes)
Event: 1288.441 Thread 0x0000000057a69800 nmethod 18385 0x00000000036b92d0 code [0x00000000036b9400, 0x00000000036b9578]
Event: 1288.442 Thread 0x0000000057a69800 18386       4       com.android.apkzlib.zip.CentralDirectoryHeader::<init> (108 bytes)
Event: 1288.449 Thread 0x0000000057a62800 nmethod 18367 0x0000000003d7e690 code [0x0000000003d7e980, 0x0000000003d802c8]
Event: 1288.451 Thread 0x0000000057a62800 18387       4       com.android.apkzlib.zip.StoredEntry::readLocalHeader (405 bytes)
Event: 1288.488 Thread 0x0000000057a69800 nmethod 18386 0x0000000005e93910 code [0x0000000005e93c40, 0x0000000005e957c0]
Event: 1288.494 Thread 0x0000000057a69800 18388       4       com.google.common.collect.Lists$ReverseList$1::hasNext (10 bytes)
Event: 1288.495 Thread 0x0000000057a69800 nmethod 18388 0x00000000047d4690 code [0x00000000047d47e0, 0x00000000047d4878]
Event: 1288.497 Thread 0x0000000057a62800 nmethod 18387 0x0000000005e981d0 code [0x0000000005e98600, 0x0000000005e9a108]

GC Heap History (10 events):
Event: 995.115 GC heap before
{Heap before GC invocations=18 (full 3):
 PSYoungGen      total 254976K, used 246898K [0x00000000e0000000, 0x00000000f1d80000, 0x0000000100000000)
  eden space 232960K, 100% used [0x00000000e0000000,0x00000000ee380000,0x00000000ee380000)
  from space 22016K, 63% used [0x00000000f0800000,0x00000000f159cae0,0x00000000f1d80000)
  to   space 29696K, 0% used [0x00000000ee380000,0x00000000ee380000,0x00000000f0080000)
 ParOldGen       total 277504K, used 45407K [0x00000000a0000000, 0x00000000b0f00000, 0x00000000e0000000)
  object space 277504K, 16% used [0x00000000a0000000,0x00000000a2c57f98,0x00000000b0f00000)
 Metaspace       used 68029K, capacity 70470K, committed 70784K, reserved 1112064K
  class space    used 8550K, capacity 9002K, committed 9088K, reserved 1048576K
Event: 995.126 GC heap after
Heap after GC invocations=18 (full 3):
 PSYoungGen      total 235008K, used 7384K [0x00000000e0000000, 0x00000000f1800000, 0x0000000100000000)
  eden space 227328K, 0% used [0x00000000e0000000,0x00000000e0000000,0x00000000ede00000)
  from space 7680K, 96% used [0x00000000ee380000,0x00000000eeab6198,0x00000000eeb00000)
  to   space 29696K, 0% used [0x00000000efb00000,0x00000000efb00000,0x00000000f1800000)
 ParOldGen       total 277504K, used 45415K [0x00000000a0000000, 0x00000000b0f00000, 0x00000000e0000000)
  object space 277504K, 16% used [0x00000000a0000000,0x00000000a2c59f98,0x00000000b0f00000)
 Metaspace       used 68029K, capacity 70470K, committed 70784K, reserved 1112064K
  class space    used 8550K, capacity 9002K, committed 9088K, reserved 1048576K
}
Event: 1014.434 GC heap before
{Heap before GC invocations=19 (full 3):
 PSYoungGen      total 235008K, used 234712K [0x00000000e0000000, 0x00000000f1800000, 0x0000000100000000)
  eden space 227328K, 100% used [0x00000000e0000000,0x00000000ede00000,0x00000000ede00000)
  from space 7680K, 96% used [0x00000000ee380000,0x00000000eeab6198,0x00000000eeb00000)
  to   space 29696K, 0% used [0x00000000efb00000,0x00000000efb00000,0x00000000f1800000)
 ParOldGen       total 277504K, used 45415K [0x00000000a0000000, 0x00000000b0f00000, 0x00000000e0000000)
  object space 277504K, 16% used [0x00000000a0000000,0x00000000a2c59f98,0x00000000b0f00000)
 Metaspace       used 68481K, capacity 71088K, committed 71296K, reserved 1112064K
  class space    used 8574K, capacity 9039K, committed 9088K, reserved 1048576K
Event: 1014.479 GC heap after
Heap after GC invocations=19 (full 3):
 PSYoungGen      total 244736K, used 29680K [0x00000000e0000000, 0x00000000f2a80000, 0x0000000100000000)
  eden space 215040K, 0% used [0x00000000e0000000,0x00000000e0000000,0x00000000ed200000)
  from space 29696K, 99% used [0x00000000efb00000,0x00000000f17fc3d8,0x00000000f1800000)
  to   space 41984K, 0% used [0x00000000ed200000,0x00000000ed200000,0x00000000efb00000)
 ParOldGen       total 277504K, used 67436K [0x00000000a0000000, 0x00000000b0f00000, 0x00000000e0000000)
  object space 277504K, 24% used [0x00000000a0000000,0x00000000a41db3c8,0x00000000b0f00000)
 Metaspace       used 68481K, capacity 71088K, committed 71296K, reserved 1112064K
  class space    used 8574K, capacity 9039K, committed 9088K, reserved 1048576K
}
Event: 1031.082 GC heap before
{Heap before GC invocations=20 (full 3):
 PSYoungGen      total 244736K, used 244720K [0x00000000e0000000, 0x00000000f2a80000, 0x0000000100000000)
  eden space 215040K, 100% used [0x00000000e0000000,0x00000000ed200000,0x00000000ed200000)
  from space 29696K, 99% used [0x00000000efb00000,0x00000000f17fc3d8,0x00000000f1800000)
  to   space 41984K, 0% used [0x00000000ed200000,0x00000000ed200000,0x00000000efb00000)
 ParOldGen       total 277504K, used 67436K [0x00000000a0000000, 0x00000000b0f00000, 0x00000000e0000000)
  object space 277504K, 24% used [0x00000000a0000000,0x00000000a41db3c8,0x00000000b0f00000)
 Metaspace       used 69165K, capacity 71712K, committed 71808K, reserved 1112064K
  class space    used 8587K, capacity 9048K, committed 9088K, reserved 1048576K
Event: 1031.114 GC heap after
Heap after GC invocations=20 (full 3):
 PSYoungGen      total 246272K, used 36037K [0x00000000e0000000, 0x00000000f2700000, 0x0000000100000000)
  eden space 209920K, 0% used [0x00000000e0000000,0x00000000e0000000,0x00000000ecd00000)
  from space 36352K, 99% used [0x00000000ed200000,0x00000000ef531780,0x00000000ef580000)
  to   space 46080K, 0% used [0x00000000efa00000,0x00000000efa00000,0x00000000f2700000)
 ParOldGen       total 277504K, used 67444K [0x00000000a0000000, 0x00000000b0f00000, 0x00000000e0000000)
  object space 277504K, 24% used [0x00000000a0000000,0x00000000a41dd3c8,0x00000000b0f00000)
 Metaspace       used 69165K, capacity 71712K, committed 71808K, reserved 1112064K
  class space    used 8587K, capacity 9048K, committed 9088K, reserved 1048576K
}
Event: 1081.432 GC heap before
{Heap before GC invocations=21 (full 3):
 PSYoungGen      total 246272K, used 245957K [0x00000000e0000000, 0x00000000f2700000, 0x0000000100000000)
  eden space 209920K, 100% used [0x00000000e0000000,0x00000000ecd00000,0x00000000ecd00000)
  from space 36352K, 99% used [0x00000000ed200000,0x00000000ef531780,0x00000000ef580000)
  to   space 46080K, 0% used [0x00000000efa00000,0x00000000efa00000,0x00000000f2700000)
 ParOldGen       total 277504K, used 67444K [0x00000000a0000000, 0x00000000b0f00000, 0x00000000e0000000)
  object space 277504K, 24% used [0x00000000a0000000,0x00000000a41dd3c8,0x00000000b0f00000)
 Metaspace       used 69472K, capacity 72222K, committed 72320K, reserved 1112064K
  class space    used 8607K, capacity 9073K, committed 9088K, reserved 1048576K
Event: 1081.463 GC heap after
Heap after GC invocations=21 (full 3):
 PSYoungGen      total 248832K, used 28983K [0x00000000e0000000, 0x00000000f2480000, 0x0000000100000000)
  eden space 205312K, 0% used [0x00000000e0000000,0x00000000e0000000,0x00000000ec880000)
  from space 43520K, 66% used [0x00000000efa00000,0x00000000f164df30,0x00000000f2480000)
  to   space 47104K, 0% used [0x00000000ec880000,0x00000000ec880000,0x00000000ef680000)
 ParOldGen       total 277504K, used 67452K [0x00000000a0000000, 0x00000000b0f00000, 0x00000000e0000000)
  object space 277504K, 24% used [0x00000000a0000000,0x00000000a41df3c8,0x00000000b0f00000)
 Metaspace       used 69472K, capacity 72222K, committed 72320K, reserved 1112064K
  class space    used 8607K, capacity 9073K, committed 9088K, reserved 1048576K
}
Event: 1283.303 GC heap before
{Heap before GC invocations=22 (full 3):
 PSYoungGen      total 248832K, used 234295K [0x00000000e0000000, 0x00000000f2480000, 0x0000000100000000)
  eden space 205312K, 100% used [0x00000000e0000000,0x00000000ec880000,0x00000000ec880000)
  from space 43520K, 66% used [0x00000000efa00000,0x00000000f164df30,0x00000000f2480000)
  to   space 47104K, 0% used [0x00000000ec880000,0x00000000ec880000,0x00000000ef680000)
 ParOldGen       total 277504K, used 67452K [0x00000000a0000000, 0x00000000b0f00000, 0x00000000e0000000)
  object space 277504K, 24% used [0x00000000a0000000,0x00000000a41df3c8,0x00000000b0f00000)
 Metaspace       used 70334K, capacity 73282K, committed 73472K, reserved 1114112K
  class space    used 8704K, capacity 9173K, committed 9216K, reserved 1048576K
Event: 1283.336 GC heap after
Heap after GC invocations=22 (full 3):
 PSYoungGen      total 233472K, used 32462K [0x00000000e0000000, 0x00000000f2300000, 0x0000000100000000)
  eden space 200704K, 0% used [0x00000000e0000000,0x00000000e0000000,0x00000000ec400000)
  from space 32768K, 99% used [0x00000000ec880000,0x00000000ee833a78,0x00000000ee880000)
  to   space 48640K, 0% used [0x00000000ef380000,0x00000000ef380000,0x00000000f2300000)
 ParOldGen       total 277504K, used 67460K [0x00000000a0000000, 0x00000000b0f00000, 0x00000000e0000000)
  object space 277504K, 24% used [0x00000000a0000000,0x00000000a41e13c8,0x00000000b0f00000)
 Metaspace       used 70334K, capacity 73282K, committed 73472K, reserved 1114112K
  class space    used 8704K, capacity 9173K, committed 9216K, reserved 1048576K
}

Deoptimization events (10 events):
Event: 1276.480 Thread 0x00000000609bb800 Uncommon trap: reason=speculate_class_check action=maybe_recompile pc=0x00000000035089f4 method=com.sun.org.apache.xerces.internal.dom.ElementImpl.getNodeName()Ljava/lang/String; @ 8
Event: 1276.623 Thread 0x00000000609bb800 Uncommon trap: reason=unstable_if action=reinterpret pc=0x0000000003d17128 method=java.util.regex.Matcher.match(II)Z @ 30
Event: 1276.644 Thread 0x00000000609bb800 Uncommon trap: reason=unstable_if action=reinterpret pc=0x0000000002cf9ef0 method=java.util.regex.Matcher.match(II)Z @ 30
Event: 1276.732 Thread 0x00000000609bb800 Uncommon trap: reason=unstable_if action=reinterpret pc=0x00000000050cc190 method=com.sun.org.apache.xerces.internal.dom.NodeImpl.isOwned(Z)V @ 2
Event: 1276.732 Thread 0x00000000609bb800 Uncommon trap: reason=unstable_if action=reinterpret pc=0x0000000005652958 method=com.sun.org.apache.xerces.internal.dom.ParentNode.internalInsertBefore(Lorg/w3c/dom/Node;Lorg/w3c/dom/Node;Z)Lorg/w3c/dom/Node; @ 572
Event: 1276.738 Thread 0x00000000609bb800 Uncommon trap: reason=null_check action=make_not_entrant pc=0x0000000004646330 method=com.sun.org.apache.xerces.internal.dom.NamedNodeMapImpl.findNamePoint(Ljava/lang/String;Ljava/lang/String;)I @ 105
Event: 1276.745 Thread 0x00000000609bb800 Uncommon trap: reason=class_check action=maybe_recompile pc=0x00000000041d81dc method=com.sun.org.apache.xerces.internal.dom.NamedNodeMapImpl.getNamedItemNS(Ljava/lang/String;Ljava/lang/String;)Lorg/w3c/dom/Node; @ 28
Event: 1276.745 Thread 0x00000000609bb800 Uncommon trap: reason=class_check action=maybe_recompile pc=0x00000000041d81dc method=com.sun.org.apache.xerces.internal.dom.NamedNodeMapImpl.getNamedItemNS(Ljava/lang/String;Ljava/lang/String;)Lorg/w3c/dom/Node; @ 28
Event: 1276.745 Thread 0x00000000609bb800 Uncommon trap: reason=class_check action=maybe_recompile pc=0x00000000041d81dc method=com.sun.org.apache.xerces.internal.dom.NamedNodeMapImpl.getNamedItemNS(Ljava/lang/String;Ljava/lang/String;)Lorg/w3c/dom/Node; @ 28
Event: 1276.745 Thread 0x00000000609bb800 Uncommon trap: reason=class_check action=maybe_recompile pc=0x00000000041d81dc method=com.sun.org.apache.xerces.internal.dom.NamedNodeMapImpl.getNamedItemNS(Ljava/lang/String;Ljava/lang/String;)Lorg/w3c/dom/Node; @ 28

Internal exceptions (10 events):
Event: 1031.073 Thread 0x000000005dfba000 Implicit null exception at 0x0000000004a83c99 to 0x0000000004a85479
Event: 1032.788 Thread 0x00000000609b5800 Exception <a 'sun/nio/fs/WindowsException'> (0x00000000e4530c38) thrown at [C:\src\android\AOSP-openjdk\external\jetbrains\jdk\hotspot\src\share\vm\prims\jni.cpp, line 709]
Event: 1066.051 Thread 0x00000000609b5800 Exception <a 'java/lang/ClassNotFoundException': asLocalRepo10562_1j6uwbe5d3eu0qzs3c72tdvjfBeanInfo> (0x00000000e4c08d78) thrown at [C:\src\android\AOSP-openjdk\external\jetbrains\jdk\hotspot\src\share\vm\classfile\systemDictionary.cpp, line 210]
Event: 1066.052 Thread 0x00000000609b5800 Exception <a 'java/lang/ClassNotFoundException': asLocalRepo10562_1j6uwbe5d3eu0qzs3c72tdvjfCustomizer> (0x00000000e4c14560) thrown at [C:\src\android\AOSP-openjdk\external\jetbrains\jdk\hotspot\src\share\vm\classfile\systemDictionary.cpp, line 210]
Event: 1068.490 Thread 0x00000000609b5800 Implicit null exception at 0x000000000554798f to 0x0000000005547ab9
Event: 1089.529 Thread 0x00000000609b5800 Implicit null exception at 0x0000000004676115 to 0x0000000004676fd1
Event: 1089.656 Thread 0x00000000609b5800 Exception <a 'sun/nio/fs/WindowsException'> (0x00000000e1332a68) thrown at [C:\src\android\AOSP-openjdk\external\jetbrains\jdk\hotspot\src\share\vm\prims\jni.cpp, line 709]
Event: 1265.465 Thread 0x00000000609bb800 Exception <a 'java/lang/ClassNotFoundException': asLocalRepo60699_1mzpi17ia2o3u9v5qtyeqr9v9BeanInfo> (0x00000000e1b0e458) thrown at [C:\src\android\AOSP-openjdk\external\jetbrains\jdk\hotspot\src\share\vm\classfile\systemDictionary.cpp, line 210]
Event: 1265.465 Thread 0x00000000609bb800 Exception <a 'java/lang/ClassNotFoundException': asLocalRepo60699_1mzpi17ia2o3u9v5qtyeqr9v9Customizer> (0x00000000e1b19bf8) thrown at [C:\src\android\AOSP-openjdk\external\jetbrains\jdk\hotspot\src\share\vm\classfile\systemDictionary.cpp, line 210]
Event: 1276.738 Thread 0x00000000609bb800 Implicit null exception at 0x0000000004645f48 to 0x000000000464630d

Events (10 events):
Event: 1288.436 Thread 0x0000000057a6b000 flushing nmethod 0x0000000004675690
Event: 1288.437 Thread 0x0000000057a6b000 flushing nmethod 0x00000000047cd490
Event: 1288.437 Thread 0x0000000057a6b000 flushing nmethod 0x00000000047d4690
Event: 1288.437 Thread 0x0000000057a6b000 flushing nmethod 0x00000000048fae50
Event: 1288.437 Thread 0x0000000057a6b000 flushing nmethod 0x00000000048fc890
Event: 1288.438 Thread 0x0000000057a6b000 flushing nmethod 0x0000000004b609d0
Event: 1288.440 Thread 0x0000000057a69800 flushing nmethod 0x0000000004dedd10
Event: 1288.440 Thread 0x0000000057a69800 flushing nmethod 0x0000000004fa3210
Event: 1288.441 Thread 0x0000000057a69800 flushing nmethod 0x0000000005153f50
Event: 1288.442 Thread 0x0000000057a69800 flushing nmethod 0x0000000005256c10


Dynamic libraries:
0x000000013feb0000 - 0x000000013fee1000 	D:\Office\Softs\AndroidStudio\jre\bin\java.exe
0x0000000077550000 - 0x00000000776fa000 	C:\Windows\SYSTEM32\ntdll.dll
0x0000000077430000 - 0x000000007754f000 	C:\Windows\system32\kernel32.dll
0x000007fefd2d0000 - 0x000007fefd33a000 	C:\Windows\system32\KERNELBASE.dll
0x0000000074f30000 - 0x0000000074fb9000 	C:\Windows\System32\SYSFER.DLL
0x000007fefdbc0000 - 0x000007fefdc9b000 	C:\Windows\system32\ADVAPI32.dll
0x000007fefd940000 - 0x000007fefd9df000 	C:\Windows\system32\msvcrt.dll
0x000007feff640000 - 0x000007feff65f000 	C:\Windows\SYSTEM32\sechost.dll
0x000007fefd6e0000 - 0x000007fefd80d000 	C:\Windows\system32\RPCRT4.dll
0x0000000077330000 - 0x000000007742a000 	C:\Windows\system32\USER32.dll
0x000007fefeb20000 - 0x000007fefeb87000 	C:\Windows\system32\GDI32.dll
0x000007feff670000 - 0x000007feff67e000 	C:\Windows\system32\LPK.dll
0x000007fefd9e0000 - 0x000007fefdaab000 	C:\Windows\system32\USP10.dll
0x000007fefb450000 - 0x000007fefb644000 	C:\Windows\WinSxS\amd64_microsoft.windows.common-controls_6595b64144ccf1df_6.0.7601.17514_none_fa396087175ac9ac\COMCTL32.dll
0x000007fefd890000 - 0x000007fefd901000 	C:\Windows\system32\SHLWAPI.dll
0x000007fefd910000 - 0x000007fefd93e000 	C:\Windows\system32\IMM32.DLL
0x000007fefdab0000 - 0x000007fefdbb9000 	C:\Windows\system32\MSCTF.dll
0x000000005f6a0000 - 0x000000005f772000 	D:\Office\Softs\AndroidStudio\jre\jre\bin\msvcr100.dll
0x000000005d210000 - 0x000000005da4c000 	D:\Office\Softs\AndroidStudio\jre\jre\bin\server\jvm.dll
0x000007fef40e0000 - 0x000007fef40e9000 	C:\Windows\system32\WSOCK32.dll
0x000007fefdd40000 - 0x000007fefdd8d000 	C:\Windows\system32\WS2_32.dll
0x000007feff660000 - 0x000007feff668000 	C:\Windows\system32\NSI.dll
0x000007fefb260000 - 0x000007fefb29b000 	C:\Windows\system32\WINMM.dll
0x000007fefc350000 - 0x000007fefc35c000 	C:\Windows\system32\VERSION.dll
0x0000000077720000 - 0x0000000077727000 	C:\Windows\system32\PSAPI.DLL
0x000007fefaa50000 - 0x000007fefaa5f000 	D:\Office\Softs\AndroidStudio\jre\jre\bin\verify.dll
0x000007fef3f40000 - 0x000007fef3f69000 	D:\Office\Softs\AndroidStudio\jre\jre\bin\java.dll
0x000007fef7700000 - 0x000007fef7716000 	D:\Office\Softs\AndroidStudio\jre\jre\bin\zip.dll
0x000007fefdd90000 - 0x000007fefeb1b000 	C:\Windows\system32\SHELL32.dll
0x000007fefebf0000 - 0x000007fefedec000 	C:\Windows\system32\ole32.dll
0x000007fefd250000 - 0x000007fefd25f000 	C:\Windows\system32\profapi.dll
0x000007fef78a0000 - 0x000007fef78ba000 	D:\Office\Softs\AndroidStudio\jre\jre\bin\net.dll
0x000007fefc9b0000 - 0x000007fefca05000 	C:\Windows\system32\mswsock.dll
0x000007fefca40000 - 0x000007fefca47000 	C:\Windows\System32\wship6.dll
0x000007fef76e0000 - 0x000007fef76f1000 	D:\Office\Softs\AndroidStudio\jre\jre\bin\nio.dll
0x000007feede20000 - 0x000007feede3e000 	C:\Users\jaideep.lakshminaray\.gradle\native\23\windows-amd64\native-platform.dll
0x000007fefca10000 - 0x000007fefca28000 	C:\Windows\system32\CRYPTSP.dll
0x000007fefc420000 - 0x000007fefc467000 	C:\Windows\system32\rsaenh.dll
0x000007fefd260000 - 0x000007fefd27e000 	C:\Windows\system32\USERENV.dll
0x000007fefd080000 - 0x000007fefd08f000 	C:\Windows\system32\CRYPTBASE.dll
0x000007fefa5f0000 - 0x000007fefa617000 	C:\Windows\system32\IPHLPAPI.DLL
0x000007fefa5e0000 - 0x000007fefa5eb000 	C:\Windows\system32\WINNSI.DLL
0x000007fefa4f0000 - 0x000007fefa501000 	C:\Windows\system32\dhcpcsvc6.DLL
0x000007fefa420000 - 0x000007fefa438000 	C:\Windows\system32\dhcpcsvc.DLL
0x000007fefa9c0000 - 0x000007fefa9cd000 	D:\Office\Softs\AndroidStudio\jre\jre\bin\management.dll
0x000007fefd130000 - 0x000007fefd187000 	C:\Windows\system32\apphelp.dll
0x000007feeda30000 - 0x000007feeda54000 	D:\Office\Softs\AndroidStudio\jre\jre\bin\sunec.dll
0x000007fef6ab0000 - 0x000007fef6abb000 	D:\Office\Softs\AndroidStudio\jre\jre\bin\sunmscapi.dll
0x000007fefd340000 - 0x000007fefd4ad000 	C:\Windows\system32\CRYPT32.dll
0x000007fefd240000 - 0x000007fefd24f000 	C:\Windows\system32\MSASN1.dll
0x000007fef85d0000 - 0x000007fef86f5000 	C:\Windows\system32\dbghelp.dll

VM Arguments:
jvm_args: -Xmx1536m -Dfile.encoding=windows-1252 -Duser.country=IN -Duser.language=en -Duser.variant 
java_command: org.gradle.launcher.daemon.bootstrap.GradleDaemon 3.3
java_class_path (initial): C:\Users\jaideep.lakshminaray\.gradle\wrapper\dists\gradle-3.3-all\55gk2rcmfc6p2dg9u9ohc3hw9\gradle-3.3\lib\gradle-launcher-3.3.jar
Launcher Type: SUN_STANDARD

Environment Variables:
JAVA_HOME=C:\Program Files\Java\jdk1.8.0_45
CLASSPATH=c:\documentum\doclink\aspectjrt.jar;c:\documentum\doclink\certjFIPS.jar;c:\documentum\doclink\commons-lang-2.4.jar;c:\documentum\doclink\jsafeFIPS.jar;c:\documentum\doclink\log4j.jar;c:\documentum\doclink\dfc.jar;c:\documentum\doclink\dfc.properties;c:\documentum\doclink;;
PATH=C:\Program Files\Documentum\Shared;C:\Program Files\avs\bin;C:\ProgramData\Oracle\Java\javapath;C:\Program Files (x86)\Intel\iCLS Client\;C:\Program Files\Intel\iCLS Client\;C:\Windows\system32;C:\Windows;C:\Windows\System32\Wbem;C:\Windows\System32\WindowsPowerShell\v1.0\;C:\Program Files (x86)\Microsoft Application Virtualization Client;C:\Program Files\Intel\Intel(R) Management Engine Components\DAL;C:\Program Files (x86)\Intel\Intel(R) Management Engine Components\DAL;C:\Program Files\Intel\Intel(R) Management Engine Components\IPT;C:\Program Files (x86)\Intel\Intel(R) Management Engine Components\IPT;D:\Office\Softs\Android\sdk\tools;D:\Office\Softs\Android\sdk\platform-tools;D:\Office\Softs\apache-ant-1.9.1-bin\apache-ant-1.9.1\bin;C:\Program Files\Java\jdk1.7.0_79\bin;C:\Program Files (x86)\WinMerge;C:\Program Files (x86)\Enterprise Vault\EVClient\x64\;C:\Program Files (x86)\Skype\Phone\;C:\Program Files\Java\jdk1.8.0_45
USERNAME=Jaideep.Lakshminaray
OS=Windows_NT
PROCESSOR_IDENTIFIER=Intel64 Family 6 Model 61 Stepping 4, GenuineIntel



---------------  S Y S T E M  ---------------

OS: Windows 7 , 64 bit Build 7601 (6.1.7601.23807)

CPU:total 4 (2 cores per cpu, 2 threads per core) family 6 model 61 stepping 4, cmov, cx8, fxsr, mmx, sse, sse2, sse3, ssse3, sse4.1, sse4.2, popcnt, avx, avx2, aes, clmul, erms, 3dnowpref, lzcnt, ht, tsc, tscinvbit, bmi1, bmi2, adx

Memory: 4k page, physical 16665712k(5552512k free), swap 33329564k(21332372k free)

vm_info: OpenJDK 64-Bit Server VM (25.112-b06) for windows-amd64 JRE (1.8.0_112-release-b06), built on Dec  8 2016 00:54:26 by "builder" with MS VC++ 10.0 (VS2010)

time: Wed Aug 02 14:26:01 2017
elapsed time: 1288 seconds (0d 0h 21m 28s)

